[16/Sep/2015 04:13:17 -0700] models       ERROR    error syncing oozie
Traceback (most recent call last):
  File "/home/tiny/hue/desktop/core/src/desktop/models.py", line 264, in sync
    from oozie.models import Workflow, Coordinator, Bundle
ImportError: No module named oozie.models
[16/Sep/2015 04:13:17 -0700] models       ERROR    error syncing beeswax
Traceback (most recent call last):
  File "/home/tiny/hue/desktop/core/src/desktop/models.py", line 291, in sync
    from beeswax.models import SavedQuery
ImportError: No module named beeswax.models
[16/Sep/2015 04:13:17 -0700] models       ERROR    error syncing pig
Traceback (most recent call last):
  File "/home/tiny/hue/desktop/core/src/desktop/models.py", line 303, in sync
    from pig.models import PigScript
ImportError: No module named pig.models
[16/Sep/2015 04:13:17 -0700] models       ERROR    error syncing search
Traceback (most recent call last):
  File "/home/tiny/hue/desktop/core/src/desktop/models.py", line 313, in sync
    from search.models import Collection
ImportError: No module named search.models
